<?xml version="1.0" encoding="UTF-8"?>
<testsuite name="io.turntabl.springwebservices.SpringWebServicesApplicationTests" tests="1" skipped="0" failures="0" errors="0" timestamp="2019-11-20T15:22:38" hostname="SamsMacBookHair" time="0.862">
  <properties/>
  <testcase name="contextLoads()" classname="io.turntabl.springwebservices.SpringWebServicesApplicationTests" time="0.862"/>
  <system-out><![CDATA[15:22:31.087 [Test worker] DEBUG org.springframework.test.context.BootstrapUtils - Instantiating CacheAwareContextLoaderDelegate from class [org.springframework.test.context.cache.DefaultCacheAwareContextLoaderDelegate]
15:22:31.131 [Test worker] DEBUG org.springframework.test.context.BootstrapUtils - Instantiating BootstrapContext using constructor [public org.springframework.test.context.support.DefaultBootstrapContext(java.lang.Class,org.springframework.test.context.CacheAwareContextLoaderDelegate)]
15:22:31.191 [Test worker] DEBUG org.springframework.test.context.BootstrapUtils - Instantiating TestContextBootstrapper for test class [io.turntabl.springwebservices.SpringWebServicesApplicationTests] from class [org.springframework.boot.test.context.SpringBootTestContextBootstrapper]
15:22:31.217 [Test worker] INFO org.springframework.boot.test.context.SpringBootTestContextBootstrapper - Neither @ContextConfiguration nor @ContextHierarchy found for test class [io.turntabl.springwebservices.SpringWebServicesApplicationTests], using SpringBootContextLoader
15:22:31.226 [Test worker] DEBUG org.springframework.test.context.support.AbstractContextLoader - Did not detect default resource location for test class [io.turntabl.springwebservices.SpringWebServicesApplicationTests]: class path resource [io/turntabl/springwebservices/SpringWebServicesApplicationTests-context.xml] does not exist
15:22:31.227 [Test worker] DEBUG org.springframework.test.context.support.AbstractContextLoader - Did not detect default resource location for test class [io.turntabl.springwebservices.SpringWebServicesApplicationTests]: class path resource [io/turntabl/springwebservices/SpringWebServicesApplicationTestsContext.groovy] does not exist
15:22:31.227 [Test worker] INFO org.springframework.test.context.support.AbstractContextLoader - Could not detect default resource locations for test class [io.turntabl.springwebservices.SpringWebServicesApplicationTests]: no resource found for suffixes {-context.xml, Context.groovy}.
15:22:31.229 [Test worker] INFO org.springframework.test.context.support.AnnotationConfigContextLoaderUtils - Could not detect default configuration classes for test class [io.turntabl.springwebservices.SpringWebServicesApplicationTests]: SpringWebServicesApplicationTests does not declare any static, non-private, non-final, nested classes annotated with @Configuration.
15:22:31.292 [Test worker] DEBUG org.springframework.test.context.support.ActiveProfilesUtils - Could not find an 'annotation declaring class' for annotation type [org.springframework.test.context.ActiveProfiles] and class [io.turntabl.springwebservices.SpringWebServicesApplicationTests]
15:22:31.407 [Test worker] DEBUG org.springframework.context.annotation.ClassPathScanningCandidateComponentProvider - Identified candidate component class: file [/Users/samm/dev/turntabl/spring-web-services/build/classes/java/main/io/turntabl/springwebservices/SpringWebServicesApplication.class]
15:22:31.409 [Test worker] INFO org.springframework.boot.test.context.SpringBootTestContextBootstrapper - Found @SpringBootConfiguration io.turntabl.springwebservices.SpringWebServicesApplication for test class io.turntabl.springwebservices.SpringWebServicesApplicationTests
15:22:31.567 [Test worker] DEBUG org.springframework.boot.test.context.SpringBootTestContextBootstrapper - @TestExecutionListeners is not present for class [io.turntabl.springwebservices.SpringWebServicesApplicationTests]: using defaults.
15:22:31.568 [Test worker] INFO org.springframework.boot.test.context.SpringBootTestContextBootstrapper - Loaded default TestExecutionListener class names from location [META-INF/spring.factories]: [org.springframework.boot.test.autoconfigure.restdocs.RestDocsTestExecutionListener, org.springframework.boot.test.autoconfigure.web.client.MockRestServiceServerResetTestExecutionListener, org.springframework.boot.test.autoconfigure.web.servlet.MockMvcPrintOnlyOnFailureTestExecutionListener, org.springframework.boot.test.autoconfigure.web.servlet.WebDriverTestExecutionListener, org.springframework.boot.test.mock.mockito.MockitoTestExecutionListener, org.springframework.boot.test.mock.mockito.ResetMocksTestExecutionListener, org.springframework.test.context.web.ServletTestExecutionListener, org.springframework.test.context.support.DirtiesContextBeforeModesTestExecutionListener, org.springframework.test.context.support.DependencyInjectionTestExecutionListener, org.springframework.test.context.support.DirtiesContextTestExecutionListener, org.springframework.test.context.transaction.TransactionalTestExecutionListener, org.springframework.test.context.jdbc.SqlScriptsTestExecutionListener, org.springframework.test.context.event.EventPublishingTestExecutionListener]
15:22:31.595 [Test worker] INFO org.springframework.boot.test.context.SpringBootTestContextBootstrapper - Using TestExecutionListeners: [org.springframework.test.context.web.ServletTestExecutionListener@5f7b59f5, org.springframework.test.context.support.DirtiesContextBeforeModesTestExecutionListener@5600ac8a, org.springframework.boot.test.mock.mockito.MockitoTestExecutionListener@68d642d5, org.springframework.boot.test.autoconfigure.SpringBootDependencyInjectionTestExecutionListener@209b5d87, org.springframework.test.context.support.DirtiesContextTestExecutionListener@252a1c90, org.springframework.test.context.transaction.TransactionalTestExecutionListener@769d8043, org.springframework.test.context.jdbc.SqlScriptsTestExecutionListener@2c87b4af, org.springframework.test.context.event.EventPublishingTestExecutionListener@560aa3dd, org.springframework.boot.test.autoconfigure.restdocs.RestDocsTestExecutionListener@23b1eb10, org.springframework.boot.test.autoconfigure.web.client.MockRestServiceServerResetTestExecutionListener@3934f8bd, org.springframework.boot.test.autoconfigure.web.servlet.MockMvcPrintOnlyOnFailureTestExecutionListener@280701f8, org.springframework.boot.test.autoconfigure.web.servlet.WebDriverTestExecutionListener@2b904b6e, org.springframework.boot.test.mock.mockito.ResetMocksTestExecutionListener@755cc67]
15:22:31.601 [Test worker] DEBUG org.springframework.test.context.support.AbstractDirtiesContextTestExecutionListener - Before test class: context [DefaultTestContext@63bc4e80 testClass = SpringWebServicesApplicationTests, testInstance = [null], testMethod = [null], testException = [null], mergedContextConfiguration = [WebMergedContextConfiguration@467f62f9 testClass = SpringWebServicesApplicationTests, locations = '{}', classes = '{class io.turntabl.springwebservices.SpringWebServicesApplication}', contextInitializerClasses = '[]', activeProfiles = '{}', propertySourceLocations = '{}', propertySourceProperties = '{org.springframework.boot.test.context.SpringBootTestContextBootstrapper=true}', contextCustomizers = set[org.springframework.boot.test.autoconfigure.properties.PropertyMappingContextCustomizer@0, org.springframework.boot.test.autoconfigure.web.servlet.WebDriverContextCustomizerFactory$Customizer@1e366f6a, org.springframework.boot.test.context.filter.ExcludeFilterContextCustomizer@19d482c6, org.springframework.boot.test.json.DuplicateJsonObjectContextCustomizerFactory$DuplicateJsonObjectContextCustomizer@2256d38b, org.springframework.boot.test.mock.mockito.MockitoContextCustomizer@0, org.springframework.boot.test.web.client.TestRestTemplateContextCustomizer@5763f95f], resourceBasePath = 'src/main/webapp', contextLoader = 'org.springframework.boot.test.context.SpringBootContextLoader', parent = [null]], attributes = map['org.springframework.test.context.web.ServletTestExecutionListener.activateListener' -> true]], class annotated with @DirtiesContext [false] with mode [null].
15:22:31.648 [Test worker] DEBUG org.springframework.test.context.support.TestPropertySourceUtils - Adding inlined properties to environment: {spring.jmx.enabled=false, org.springframework.boot.test.context.SpringBootTestContextBootstrapper=true, server.port=-1}

  .   ____          _            __ _ _
 /\\ / ___'_ __ _ _(_)_ __  __ _ \ \ \ \
( ( )\___ | '_ | '_| | '_ \/ _` | \ \ \ \
 \\/  ___)| |_)| | | | | || (_| |  ) ) ) )
  '  |____| .__|_| |_|_| |_\__, | / / / /
 =========|_|==============|___/=/_/_/_/
 :: Spring Boot ::        (v2.2.1.RELEASE)

2019-11-20 15:22:32.803  INFO 20223 --- [    Test worker] i.t.s.SpringWebServicesApplicationTests  : Starting SpringWebServicesApplicationTests on SamsMacBookHair with PID 20223 (started by samm in /Users/samm/dev/turntabl/spring-web-services)
2019-11-20 15:22:32.805  INFO 20223 --- [    Test worker] i.t.s.SpringWebServicesApplicationTests  : No active profile set, falling back to default profiles: default
2019-11-20 15:22:34.753  INFO 20223 --- [    Test worker] trationDelegate$BeanPostProcessorChecker : Bean 'org.springframework.transaction.annotation.ProxyTransactionManagementConfiguration' of type [org.springframework.transaction.annotation.ProxyTransactionManagementConfiguration] is not eligible for getting processed by all BeanPostProcessors (for example: not eligible for auto-proxying)
2019-11-20 15:22:36.005  INFO 20223 --- [    Test worker] pertySourcedRequestMappingHandlerMapping : Mapped URL path [/v2/api-docs] onto method [springfox.documentation.swagger2.web.Swagger2Controller#getDocumentation(String, HttpServletRequest)]
2019-11-20 15:22:36.563  INFO 20223 --- [    Test worker] o.s.s.concurrent.ThreadPoolTaskExecutor  : Initializing ExecutorService 'applicationTaskExecutor'
2019-11-20 15:22:37.343  INFO 20223 --- [    Test worker] d.s.w.p.DocumentationPluginsBootstrapper : Context refreshed
2019-11-20 15:22:37.379  INFO 20223 --- [    Test worker] d.s.w.p.DocumentationPluginsBootstrapper : Found 1 custom documentation plugin(s)
2019-11-20 15:22:37.435  INFO 20223 --- [    Test worker] s.d.s.w.s.ApiListingReferenceScanner     : Scanning for api listing references
2019-11-20 15:22:38.470  INFO 20223 --- [    Test worker] i.t.s.SpringWebServicesApplicationTests  : Started SpringWebServicesApplicationTests in 6.785 seconds (JVM running for 8.936)
]]></system-out>
  <system-err><![CDATA[]]></system-err>
</testsuite>
